<?xml version="1.0" encoding="UTF-8"?>
<robot generator="Robot 3.2.2 (Python 3.9.2 on win32)" generated="20210318 10:49:04.508" rpa="false">
<suite id="s1" name="Suites">
<suite id="s1-s1" name="Amrun" source="C:\Users\kavib\Pythonpro\Demo\runners\amrun.robot">
<test id="s1-s1-t1" name="WithDataDriven1">
<kw name="login">
<arguments>
<arg>https://www.amazon.in/</arg>
<arg>ff</arg>
<arg>kavibharathi637@gmail.com</arg>
<arg>bharat</arg>
</arguments>
<kw name="Browser operation" library="amazonlogin">
<arguments>
<arg>${link}</arg>
<arg>${browser}</arg>
</arguments>
<kw name="Open Browser" library="SeleniumLibrary">
<doc>Opens a new browser instance to the given ``url``.</doc>
<arguments>
<arg>${link}</arg>
<arg>${browser}</arg>
</arguments>
<msg timestamp="20210318 10:49:11.233" level="INFO">Opening browser 'ff' to base url 'https://www.amazon.in/'.</msg>
<kw name="Capture Page Screenshot" library="SeleniumLibrary">
<doc>Takes screenshot of the current page and embeds it into log file.</doc>
<msg timestamp="20210318 10:49:11.256" level="INFO">Cannot capture screenshot because no browser is open.</msg>
<status status="PASS" starttime="20210318 10:49:11.253" endtime="20210318 10:49:11.256"></status>
</kw>
<msg timestamp="20210318 10:49:11.268" level="FAIL">WebDriverException: Message: 'geckodriver' executable needs to be in PATH. 
</msg>
<status status="FAIL" starttime="20210318 10:49:11.228" endtime="20210318 10:49:11.268"></status>
</kw>
<status status="FAIL" starttime="20210318 10:49:11.228" endtime="20210318 10:49:11.268"></status>
</kw>
<status status="FAIL" starttime="20210318 10:49:11.223" endtime="20210318 10:49:11.273"></status>
</kw>
<status status="FAIL" starttime="20210318 10:49:11.218" endtime="20210318 10:49:11.273" critical="yes">WebDriverException: Message: 'geckodriver' executable needs to be in PATH. 
</status>
</test>
<test id="s1-s1-t2" name="WithDataDriven1">
<kw name="login">
<arguments>
<arg>https://www.amazon.in/</arg>
<arg>chrome</arg>
<arg>kavibharathi616@gmail.com</arg>
<arg>bharathi1213</arg>
</arguments>
<kw name="Browser operation" library="amazonlogin">
<arguments>
<arg>${link}</arg>
<arg>${browser}</arg>
</arguments>
<kw name="Open Browser" library="SeleniumLibrary">
<doc>Opens a new browser instance to the given ``url``.</doc>
<arguments>
<arg>${link}</arg>
<arg>${browser}</arg>
</arguments>
<msg timestamp="20210318 10:49:11.288" level="INFO">Opening browser 'chrome' to base url 'https://www.amazon.in/'.</msg>
<kw name="Capture Page Screenshot" library="SeleniumLibrary">
<doc>Takes screenshot of the current page and embeds it into log file.</doc>
<msg timestamp="20210318 10:49:11.303" level="INFO">Cannot capture screenshot because no browser is open.</msg>
<status status="PASS" starttime="20210318 10:49:11.303" endtime="20210318 10:49:11.303"></status>
</kw>
<msg timestamp="20210318 10:49:11.308" level="FAIL">WebDriverException: Message: 'chromedriver' executable needs to be in PATH. Please see https://sites.google.com/a/chromium.org/chromedriver/home
</msg>
<status status="FAIL" starttime="20210318 10:49:11.288" endtime="20210318 10:49:11.308"></status>
</kw>
<status status="FAIL" starttime="20210318 10:49:11.283" endtime="20210318 10:49:11.313"></status>
</kw>
<status status="FAIL" starttime="20210318 10:49:11.283" endtime="20210318 10:49:11.313"></status>
</kw>
<status status="FAIL" starttime="20210318 10:49:11.278" endtime="20210318 10:49:11.313" critical="yes">WebDriverException: Message: 'chromedriver' executable needs to be in PATH. Please see https://sites.google.com/a/chromium.org/chromedriver/home
</status>
</test>
<status status="FAIL" starttime="20210318 10:49:04.777" endtime="20210318 10:49:11.323"></status>
</suite>
<status status="FAIL" starttime="20210318 10:49:04.523" endtime="20210318 10:49:11.333"></status>
</suite>
<statistics>
<total>
<stat pass="0" fail="2">Critical Tests</stat>
<stat pass="0" fail="2">All Tests</stat>
</total>
<tag>
</tag>
<suite>
<stat pass="0" fail="2" id="s1" name="Suites">Suites</stat>
<stat pass="0" fail="2" id="s1-s1" name="Amrun">Suites.Amrun</stat>
</suite>
</statistics>
<errors>
<msg timestamp="20210318 10:49:11.278" level="WARN">Multiple test cases with name 'WithDataDriven1' executed in test suite 'Suites.Amrun'.</msg>
</errors>
</robot>
