<?xml version="1.0" encoding="UTF-8"?>
<robot generator="Robot 3.2.2 (Python 3.9.2 on win32)" generated="20210318 10:49:04.588" rpa="false">
<suite id="s1" name="Suites">
<suite id="s1-s1" name="Saucerun" source="C:\Users\kavib\Pythonpro\Demo\runners\saucerun.robot">
<test id="s1-s1-t1" name="SauceDemo">
<kw name="Test">
<arguments>
<arg>https://www.saucedemo.com/</arg>
<arg>chrome</arg>
<arg>standard_user</arg>
<arg>secret_sauce</arg>
</arguments>
<kw name="LaunchBrowser" library="loginsl">
<arguments>
<arg>${link}</arg>
<arg>${browser}</arg>
</arguments>
<kw name="Open Browser" library="SeleniumLibrary">
<doc>Opens a new browser instance to the given ``url``.</doc>
<arguments>
<arg>${link}</arg>
<arg>${browser}</arg>
</arguments>
<msg timestamp="20210318 10:49:11.218" level="INFO">Opening browser 'chrome' to base url 'https://www.saucedemo.com/'.</msg>
<kw name="Capture Page Screenshot" library="SeleniumLibrary">
<doc>Takes screenshot of the current page and embeds it into log file.</doc>
<msg timestamp="20210318 10:49:11.233" level="INFO">Cannot capture screenshot because no browser is open.</msg>
<status status="PASS" starttime="20210318 10:49:11.233" endtime="20210318 10:49:11.233"></status>
</kw>
<msg timestamp="20210318 10:49:11.243" level="FAIL">WebDriverException: Message: 'chromedriver' executable needs to be in PATH. Please see https://sites.google.com/a/chromium.org/chromedriver/home
</msg>
<status status="FAIL" starttime="20210318 10:49:11.218" endtime="20210318 10:49:11.243"></status>
</kw>
<status status="FAIL" starttime="20210318 10:49:11.213" endtime="20210318 10:49:11.248"></status>
</kw>
<status status="FAIL" starttime="20210318 10:49:11.208" endtime="20210318 10:49:11.248"></status>
</kw>
<status status="FAIL" starttime="20210318 10:49:11.203" endtime="20210318 10:49:11.248" critical="yes">WebDriverException: Message: 'chromedriver' executable needs to be in PATH. Please see https://sites.google.com/a/chromium.org/chromedriver/home
</status>
</test>
<test id="s1-s1-t2" name="SauceDemo">
<kw name="Test">
<arguments>
<arg>https://www.saucedemo.com/</arg>
<arg>ff</arg>
<arg>kavi123</arg>
<arg>hsbdcgvbd</arg>
</arguments>
<kw name="LaunchBrowser" library="loginsl">
<arguments>
<arg>${link}</arg>
<arg>${browser}</arg>
</arguments>
<kw name="Open Browser" library="SeleniumLibrary">
<doc>Opens a new browser instance to the given ``url``.</doc>
<arguments>
<arg>${link}</arg>
<arg>${browser}</arg>
</arguments>
<msg timestamp="20210318 10:49:11.268" level="INFO">Opening browser 'ff' to base url 'https://www.saucedemo.com/'.</msg>
<kw name="Capture Page Screenshot" library="SeleniumLibrary">
<doc>Takes screenshot of the current page and embeds it into log file.</doc>
<msg timestamp="20210318 10:49:11.283" level="INFO">Cannot capture screenshot because no browser is open.</msg>
<status status="PASS" starttime="20210318 10:49:11.283" endtime="20210318 10:49:11.283"></status>
</kw>
<msg timestamp="20210318 10:49:11.288" level="FAIL">WebDriverException: Message: 'geckodriver' executable needs to be in PATH. 
</msg>
<status status="FAIL" starttime="20210318 10:49:11.263" endtime="20210318 10:49:11.293"></status>
</kw>
<status status="FAIL" starttime="20210318 10:49:11.263" endtime="20210318 10:49:11.293"></status>
</kw>
<status status="FAIL" starttime="20210318 10:49:11.256" endtime="20210318 10:49:11.293"></status>
</kw>
<status status="FAIL" starttime="20210318 10:49:11.256" endtime="20210318 10:49:11.293" critical="yes">WebDriverException: Message: 'geckodriver' executable needs to be in PATH. 
</status>
</test>
<status status="FAIL" starttime="20210318 10:49:04.826" endtime="20210318 10:49:11.298"></status>
</suite>
<status status="FAIL" starttime="20210318 10:49:04.598" endtime="20210318 10:49:11.308"></status>
</suite>
<statistics>
<total>
<stat pass="0" fail="2">Critical Tests</stat>
<stat pass="0" fail="2">All Tests</stat>
</total>
<tag>
</tag>
<suite>
<stat pass="0" fail="2" id="s1" name="Suites">Suites</stat>
<stat pass="0" fail="2" id="s1-s1" name="Saucerun">Suites.Saucerun</stat>
</suite>
</statistics>
<errors>
<msg timestamp="20210318 10:49:11.253" level="WARN">Multiple test cases with name 'SauceDemo' executed in test suite 'Suites.Saucerun'.</msg>
</errors>
</robot>
