==============================================================================
Suites                                                                        
==============================================================================
Suites.Saucerun                                                               
==============================================================================
SauceDemo                                                             | FAIL |
WebDriverException: Message: 'chromedriver' executable needs to be in PATH. Please see https://sites.google.com/a/chromium.org/chromedriver/home
------------------------------------------------------------------------------
SauceDemo                                                             | FAIL |
WebDriverException: Message: 'geckodriver' executable needs to be in PATH.
------------------------------------------------------------------------------
Suites.Saucerun                                                       | FAIL |
2 critical tests, 0 passed, 2 failed
2 tests total, 0 passed, 2 failed
==============================================================================
Suites                                                                | FAIL |
2 critical tests, 0 passed, 2 failed
2 tests total, 0 passed, 2 failed
==============================================================================
Output:  C:\Users\kavib\Pythonpro\Demo\pabot_results\1\output.xml
